\BOOKMARK [1][-]{section.1}{Introduction}{}% 1
\BOOKMARK [1][-]{section.2}{NLO graph contribution to S1bare in momentum space}{}% 2
\BOOKMARK [1][-]{section.3}{Double cuts over the boundary}{}% 3
\BOOKMARK [2][-]{subsection.3.1}{Integration of on-shell and observable condition}{section.3}% 4
\BOOKMARK [2][-]{subsection.3.2}{Relevant regions}{section.3}% 5
\BOOKMARK [3][-]{subsubsection.3.2.1}{Propagators of incoming partons}{subsection.3.2}% 6
\BOOKMARK [3][-]{subsubsection.3.2.2}{Eikonal propagators of \(t,\)}{subsection.3.2}% 7
\BOOKMARK [3][-]{subsubsection.3.2.3}{Divergences of exact propagators}{subsection.3.2}% 8
\BOOKMARK [1][-]{section.4}{Analytical integration on the boundary }{}% 9
\BOOKMARK [2][-]{subsection.4.1}{Some comments about evaluations 5/12/16}{section.4}% 10
\BOOKMARK [1][-]{section.5}{Outside of the boundary}{}% 11
\BOOKMARK [1][-]{section.6}{Azimuthal integration of q in d-3 dims}{}% 12
\BOOKMARK [1][-]{section.7}{Double cuts for general kinematics}{}% 13
\BOOKMARK [2][-]{subsection.7.1}{Details on azimuth averaging}{section.7}% 14
\BOOKMARK [1][-]{section.8}{N approach}{}% 15
\BOOKMARK [1][-]{section.9}{Weight and Infrared part}{}% 16
\BOOKMARK [1][-]{section.10}{Power counting \(for the infrared part\)}{}% 17
\BOOKMARK [1][-]{section.11}{Soft gluon double cuts}{}% 18
\BOOKMARK [2][-]{subsection.11.1}{Amplitude}{section.11}% 19
\BOOKMARK [2][-]{subsection.11.2}{Cross-section}{section.11}% 20
\BOOKMARK [2][-]{subsection.11.3}{Symmetric and antisymmetric parts of the cross-section}{section.11}% 21
\BOOKMARK [2][-]{subsection.11.4}{The gluon bubble}{section.11}% 22
\BOOKMARK [2][-]{subsection.11.5}{Non-bubble contributions of the non-abelian part}{section.11}% 23
\BOOKMARK [1][-]{section.12}{On the equivalence between using physical polarisations or unphysical plus ghost}{}% 24
\BOOKMARK [2][-]{subsection.12.1}{Ghost-less approach}{section.12}% 25
\BOOKMARK [2][-]{subsection.12.2}{Approach with a ghosts}{section.12}% 26
